{"level":"info","message":"API Key: testing - SYSTEM KEY: your-random-api-key-here","timestamp":"2024-09-13T14:46:53.036Z"}
{"level":"info","message":"API Key: testing - SYSTEM KEY: your-random-api-key-here","timestamp":"2024-09-13T14:49:46.561Z"}
{"level":"info","message":"API Key: testing - SYSTEM KEY: testing","timestamp":"2024-09-13T14:52:10.795Z"}
{"level":"info","message":"API Key: testing - SYSTEM KEY: testing","timestamp":"2024-09-13T15:03:54.038Z"}
{"level":"info","message":"API Key: testing - SYSTEM KEY: testing","timestamp":"2024-09-13T15:04:05.107Z"}
{"level":"info","message":"API Key: testing - SYSTEM KEY: testing","timestamp":"2024-09-13T15:04:45.639Z"}
{"level":"info","message":"API Key: testing - SYSTEM KEY: testing","timestamp":"2024-09-13T15:04:55.801Z"}
{"level":"info","message":"API Key: testing - SYSTEM KEY: testing","timestamp":"2024-09-13T15:05:04.885Z"}
{"level":"info","message":"API Key: testing - SYSTEM KEY: testing","timestamp":"2024-09-13T15:52:23.817Z"}
{"level":"info","message":"API Key: testing - SYSTEM KEY: testing","timestamp":"2024-09-13T15:59:48.420Z"}
{"level":"info","message":"API Key: testing - SYSTEM KEY: testing","timestamp":"2024-09-13T16:00:07.135Z"}
{"level":"info","message":"API Key: testing - SYSTEM KEY: testing","timestamp":"2024-09-13T16:00:31.442Z"}
{"level":"info","message":"API Key: testing - SYSTEM KEY: testing","timestamp":"2024-09-13T16:01:44.652Z"}
{"level":"info","message":"API Key: testing - SYSTEM KEY: testing","timestamp":"2024-09-13T16:03:39.214Z"}
{"level":"info","message":"API Key: testing - SYSTEM KEY: testing","timestamp":"2024-09-13T16:04:54.669Z"}
{"level":"info","message":"API Key: testing - SYSTEM KEY: testing","timestamp":"2024-09-13T16:07:02.156Z"}
{"level":"info","message":"API Key: testing - SYSTEM KEY: testing","timestamp":"2024-09-13T16:07:46.522Z"}
{"level":"info","message":"API Key: testing - SYSTEM KEY: testing","timestamp":"2024-09-13T16:08:27.216Z"}
{"level":"info","message":"API Key: testing - SYSTEM KEY: testing","timestamp":"2024-09-13T16:10:04.356Z"}
{"level":"info","message":"API Key: testing - SYSTEM KEY: testing","timestamp":"2024-09-13T16:10:04.520Z"}
{"level":"info","message":"API Key: testing - SYSTEM KEY: testing","timestamp":"2024-09-13T16:10:48.098Z"}
{"level":"info","message":"API Key: testing - SYSTEM KEY: testing","timestamp":"2024-09-13T16:39:13.945Z"}
{"level":"info","message":"API Key: testing - SYSTEM KEY: testing","timestamp":"2024-09-13T16:40:28.830Z"}
{"level":"info","message":"API Key: testing - SYSTEM KEY: testing","timestamp":"2024-09-13T16:47:44.905Z"}
{"level":"info","message":"API Key: testing - SYSTEM KEY: testing","timestamp":"2024-09-13T16:47:45.544Z"}
{"level":"info","message":"API Key: testing - SYSTEM KEY: testing","timestamp":"2024-09-13T16:47:45.640Z"}
{"level":"info","message":"API Key: testing - SYSTEM KEY: testing","timestamp":"2024-09-13T16:47:45.730Z"}
{"level":"info","message":"API Key: testing - SYSTEM KEY: testing","timestamp":"2024-09-13T16:47:45.757Z"}
{"level":"info","message":"API Key: testing - SYSTEM KEY: testing","timestamp":"2024-09-13T16:47:45.782Z"}
{"level":"info","message":"API Key: testing - SYSTEM KEY: testing","timestamp":"2024-09-13T16:47:46.043Z"}
{"level":"info","message":"API Key: testing - SYSTEM KEY: testing","timestamp":"2024-09-13T16:47:46.116Z"}
{"level":"info","message":"API Key: testing - SYSTEM KEY: testing","timestamp":"2024-09-13T16:47:46.130Z"}
{"level":"info","message":"API Key: testing - SYSTEM KEY: testing","timestamp":"2024-09-13T16:48:04.855Z"}
{"level":"info","message":"API Key: testing - SYSTEM KEY: testing","timestamp":"2024-09-13T16:48:04.933Z"}
{"level":"info","message":"API Key: testing - SYSTEM KEY: testing","timestamp":"2024-09-13T16:48:04.943Z"}
{"level":"info","message":"API Key: testing - SYSTEM KEY: testing","timestamp":"2024-09-13T16:48:04.955Z"}
{"level":"info","message":"API Key: testing - SYSTEM KEY: testing","timestamp":"2024-09-13T16:48:04.971Z"}
{"level":"info","message":"API Key: testing - SYSTEM KEY: testing","timestamp":"2024-09-13T16:48:04.983Z"}
{"level":"info","message":"API Key: testing - SYSTEM KEY: testing","timestamp":"2024-09-13T16:48:04.995Z"}
{"level":"info","message":"API Key: testing - SYSTEM KEY: testing","timestamp":"2024-09-13T16:48:05.006Z"}
{"level":"info","message":"API Key: testing - SYSTEM KEY: testing","timestamp":"2024-09-13T16:48:12.904Z"}
{"level":"info","message":"API Key: testing - SYSTEM KEY: testing","timestamp":"2024-09-13T16:48:12.917Z"}
{"level":"info","message":"API Key: testing - SYSTEM KEY: testing","timestamp":"2024-09-13T16:48:12.928Z"}
{"level":"info","message":"API Key: testing - SYSTEM KEY: testing","timestamp":"2024-09-13T16:48:12.938Z"}
{"level":"info","message":"API Key: testing - SYSTEM KEY: testing","timestamp":"2024-09-13T17:17:43.995Z"}
{"level":"info","message":"API Key: testing - SYSTEM KEY: testing","timestamp":"2024-09-13T17:18:03.365Z"}
{"level":"info","message":"API Key: testing - SYSTEM KEY: testing","timestamp":"2024-09-13T17:18:03.535Z"}
{"level":"info","message":"API Key: testing - SYSTEM KEY: testing","timestamp":"2024-09-13T17:18:07.193Z"}
{"level":"info","message":"API Key: testing - SYSTEM KEY: testing","timestamp":"2024-09-13T17:18:09.264Z"}
{"level":"info","message":"API Key: testing - SYSTEM KEY: testing","timestamp":"2024-09-13T17:18:10.376Z"}
{"level":"info","message":"API Key: testing - SYSTEM KEY: testing","timestamp":"2024-09-13T17:18:10.818Z"}
{"level":"info","message":"API Key: testing - SYSTEM KEY: testing","timestamp":"2024-09-13T17:18:19.365Z"}
{"level":"info","message":"API Key: testing - SYSTEM KEY: testing","timestamp":"2024-09-13T17:18:21.097Z"}
{"level":"info","message":"API Key: testing - SYSTEM KEY: testing","timestamp":"2024-09-13T17:18:52.578Z"}
{"level":"info","message":"API Key: testing - SYSTEM KEY: testing","timestamp":"2024-09-13T17:19:14.179Z"}
{"level":"info","message":"API Key: testing - SYSTEM KEY: testing","timestamp":"2024-09-13T17:19:19.339Z"}
{"level":"info","message":"API Key: testing - SYSTEM KEY: testing","timestamp":"2024-09-13T17:19:21.111Z"}
{"level":"info","message":"API Key: testing - SYSTEM KEY: testing","timestamp":"2024-09-13T17:19:21.819Z"}
{"level":"info","message":"API Key: testing - SYSTEM KEY: testing","timestamp":"2024-09-13T17:19:22.788Z"}
{"level":"info","message":"API Key: testing - SYSTEM KEY: testing","timestamp":"2024-09-13T17:19:23.213Z"}
{"level":"info","message":"API Key: testing - SYSTEM KEY: testing","timestamp":"2024-09-13T17:19:23.393Z"}
{"level":"info","message":"API Key: testing - SYSTEM KEY: testing","timestamp":"2024-09-13T17:19:46.650Z"}
{"level":"info","message":"API Key: testing - SYSTEM KEY: testing","timestamp":"2024-09-13T17:20:06.380Z"}
{"level":"info","message":"API Key: testing - SYSTEM KEY: testing","timestamp":"2024-09-13T17:20:09.723Z"}
{"level":"info","message":"API Key: testing - SYSTEM KEY: testing","timestamp":"2024-09-13T17:20:10.772Z"}
{"level":"info","message":"API Key: testing - SYSTEM KEY: testing","timestamp":"2024-09-13T17:20:11.219Z"}
{"level":"info","message":"API Key: testing - SYSTEM KEY: testing","timestamp":"2024-09-13T17:20:15.412Z"}
{"level":"info","message":"API Key: testing - SYSTEM KEY: testing","timestamp":"2024-09-13T17:20:16.415Z"}
{"level":"info","message":"API Key: testing - SYSTEM KEY: testing","timestamp":"2024-09-13T17:20:17.091Z"}
{"level":"info","message":"API Key: testing - SYSTEM KEY: testing","timestamp":"2024-09-13T17:20:17.334Z"}
{"level":"info","message":"API Key: testing - SYSTEM KEY: testing","timestamp":"2024-09-13T17:20:57.781Z"}
{"level":"info","message":"API Key: testing - SYSTEM KEY: testing","timestamp":"2024-09-13T17:21:38.050Z"}
{"level":"info","message":"API Key: testing - SYSTEM KEY: testing","timestamp":"2024-09-13T17:21:44.183Z"}
{"level":"info","message":"API Key: testing - SYSTEM KEY: testing","timestamp":"2024-09-13T17:22:58.887Z"}
{"level":"info","message":"API Key: testing - SYSTEM KEY: testing","timestamp":"2024-09-13T17:23:00.413Z"}
{"level":"info","message":"API Key: testing - SYSTEM KEY: testing","timestamp":"2024-09-13T17:23:02.322Z"}
{"level":"info","message":"API Key: testing - SYSTEM KEY: testing","timestamp":"2024-09-13T17:23:03.572Z"}
{"level":"info","message":"API Key: testing - SYSTEM KEY: testing","timestamp":"2024-09-13T17:23:04.705Z"}
{"level":"info","message":"API Key: testing - SYSTEM KEY: testing","timestamp":"2024-09-13T17:23:05.642Z"}
{"level":"info","message":"API Key: testing - SYSTEM KEY: testing","timestamp":"2024-09-13T17:23:30.067Z"}
{"level":"info","message":"API Key: testing - SYSTEM KEY: testing","timestamp":"2024-09-13T17:23:36.229Z"}
{"level":"info","message":"API Key: testing - SYSTEM KEY: testing","timestamp":"2024-09-13T17:23:37.410Z"}
{"level":"info","message":"API Key: testing - SYSTEM KEY: testing","timestamp":"2024-09-13T17:28:27.305Z"}
{"level":"info","message":"API Key: testing - SYSTEM KEY: testing","timestamp":"2024-09-13T17:28:54.398Z"}
{"level":"info","message":"API Key: testing - SYSTEM KEY: testing","timestamp":"2024-09-13T17:29:28.686Z"}
{"level":"info","message":"API Key: testing - SYSTEM KEY: testing","timestamp":"2024-09-13T17:31:09.315Z"}
{"level":"info","message":"API Key: testing - SYSTEM KEY: testing","timestamp":"2024-09-13T17:34:02.362Z"}
{"level":"info","message":"API Key: testing - SYSTEM KEY: testing","timestamp":"2024-09-13T17:34:02.725Z"}
{"level":"info","message":"API Key: testing - SYSTEM KEY: testing","timestamp":"2024-09-13T17:38:51.982Z"}
{"level":"info","message":"API Key: testing - SYSTEM KEY: testing","timestamp":"2024-09-13T17:38:58.435Z"}
{"level":"info","message":"API Key: testing - SYSTEM KEY: testing","timestamp":"2024-09-13T17:39:07.286Z"}
{"level":"info","message":"API Key: testing - SYSTEM KEY: testing","timestamp":"2024-09-13T17:39:28.381Z"}
{"level":"info","message":"API Key: testing - SYSTEM KEY: testing","timestamp":"2024-09-13T17:39:28.793Z"}
{"level":"info","message":"API Key: testing - SYSTEM KEY: your-random-api-key-here","timestamp":"2024-09-15T03:33:10.183Z"}
{"level":"info","message":"API Key: testing - SYSTEM KEY: your-random-api-key-here","timestamp":"2024-09-15T03:33:11.303Z"}
{"level":"info","message":"API Key: testing - SYSTEM KEY: your-random-api-key-here","timestamp":"2024-09-15T03:33:13.367Z"}
{"level":"info","message":"API Key: testing - SYSTEM KEY: your-random-api-key-here","timestamp":"2024-09-15T03:33:17.407Z"}
{"level":"info","message":"API Key: testing - SYSTEM KEY: your-random-api-key-here","timestamp":"2024-09-15T03:33:33.653Z"}
{"level":"info","message":"API Key: testing - SYSTEM KEY: your-random-api-key-here","timestamp":"2024-09-15T03:33:34.988Z"}
{"level":"info","message":"API Key: testing - SYSTEM KEY: your-random-api-key-here","timestamp":"2024-09-15T03:33:36.994Z"}
{"level":"info","message":"API Key: testing - SYSTEM KEY: testing","timestamp":"2024-09-15T03:40:53.157Z"}
{"level":"info","message":"API Key: testing - SYSTEM KEY: testing","timestamp":"2024-09-15T03:42:11.876Z"}
{"level":"info","message":"API Key: testing - SYSTEM KEY: testing","timestamp":"2024-09-15T03:56:40.933Z"}
{"level":"info","message":"API Key: testing - SYSTEM KEY: testing","timestamp":"2024-09-15T03:57:39.839Z"}
{"level":"info","message":"API Key: testing - SYSTEM KEY: testing","timestamp":"2024-09-15T03:58:47.943Z"}
{"level":"info","message":"API Key: testing - SYSTEM KEY: testing","timestamp":"2024-09-15T03:58:57.272Z"}
{"level":"info","message":"API Key: testing - SYSTEM KEY: testing","timestamp":"2024-09-15T03:59:38.561Z"}
{"level":"info","message":"API Key: testing - SYSTEM KEY: testing","timestamp":"2024-09-15T04:01:31.423Z"}
{"level":"info","message":"API Key: testing - SYSTEM KEY: testing","timestamp":"2024-09-15T04:01:49.781Z"}
{"level":"info","message":"API Key: testing - SYSTEM KEY: testing","timestamp":"2024-09-15T04:01:50.076Z"}
{"level":"info","message":"API Key: testing - SYSTEM KEY: testing","timestamp":"2024-09-15T04:02:40.349Z"}
{"level":"info","message":"API Key: testing - SYSTEM KEY: testing","timestamp":"2024-09-15T04:03:24.661Z"}
{"level":"info","message":"API Key: testing - SYSTEM KEY: testing","timestamp":"2024-09-15T04:03:24.932Z"}
{"level":"info","message":"API Key: testing - SYSTEM KEY: testing","timestamp":"2024-09-15T04:03:29.498Z"}
{"level":"info","message":"API Key: testing - SYSTEM KEY: testing","timestamp":"2024-09-15T04:05:18.609Z"}
{"level":"info","message":"API Key: testing - SYSTEM KEY: testing","timestamp":"2024-09-15T04:05:19.987Z"}
{"level":"info","message":"API Key: testing - SYSTEM KEY: testing","timestamp":"2024-09-15T05:32:45.240Z"}
{"level":"info","message":"API Key: testing - SYSTEM KEY: testing","timestamp":"2024-09-15T05:34:14.384Z"}
{"level":"info","message":"API Key: testing - SYSTEM KEY: testing","timestamp":"2024-09-15T05:34:17.364Z"}
{"level":"info","message":"API Key: testing - SYSTEM KEY: testing","timestamp":"2024-09-15T05:34:18.335Z"}
{"level":"info","message":"API Key: testing - SYSTEM KEY: testing","timestamp":"2024-09-15T05:40:52.440Z"}
{"level":"info","message":"API Key: testing - SYSTEM KEY: testing","timestamp":"2024-09-15T05:41:03.983Z"}
{"level":"info","message":"API Key: testing - SYSTEM KEY: testing","timestamp":"2024-09-15T05:49:27.346Z"}
{"level":"info","message":"API Key: testing - SYSTEM KEY: testing","timestamp":"2024-09-15T05:49:29.385Z"}
{"level":"info","message":"API Key: testing - SYSTEM KEY: testing","timestamp":"2024-09-15T05:49:30.506Z"}
{"level":"info","message":"API Key: testing - SYSTEM KEY: testing","timestamp":"2024-09-15T08:46:42.175Z"}
{"level":"info","message":"API Key: testing - SYSTEM KEY: testing","timestamp":"2024-09-15T08:47:06.464Z"}
{"level":"info","message":"API Key: testing - SYSTEM KEY: testing","timestamp":"2024-09-15T08:47:14.504Z"}
{"level":"info","message":"API Key: testing - SYSTEM KEY: testing","timestamp":"2024-09-15T08:48:02.486Z"}
{"level":"info","message":"API Key: testing - SYSTEM KEY: testing","timestamp":"2024-09-15T08:48:58.380Z"}
{"level":"info","message":"API Key: testing - SYSTEM KEY: testing","timestamp":"2024-09-15T08:49:14.728Z"}
{"level":"info","message":"API Key: testing - SYSTEM KEY: testing","timestamp":"2024-09-15T08:49:24.013Z"}
{"level":"info","message":"API Key: testing - SYSTEM KEY: testing","timestamp":"2024-09-15T08:49:24.650Z"}
{"level":"info","message":"API Key: testing - SYSTEM KEY: testing","timestamp":"2024-09-15T08:49:25.704Z"}
{"level":"info","message":"API Key: testing - SYSTEM KEY: testing","timestamp":"2024-09-15T08:49:27.188Z"}
{"level":"info","message":"API Key: testing - SYSTEM KEY: testing","timestamp":"2024-09-15T08:49:27.530Z"}
{"level":"info","message":"API Key: testing - SYSTEM KEY: testing","timestamp":"2024-09-16T01:35:49.461Z"}
{"level":"info","message":"API Key: testing - SYSTEM KEY: testing","timestamp":"2024-09-16T01:35:52.839Z"}
{"level":"info","message":"API Key: testing - SYSTEM KEY: testing","timestamp":"2024-09-16T01:35:53.713Z"}
{"level":"info","message":"API Key: testing - SYSTEM KEY: testing","timestamp":"2024-09-16T01:35:54.585Z"}
{"level":"info","message":"API Key: testing - SYSTEM KEY: testing","timestamp":"2024-09-16T01:35:57.065Z"}
{"level":"info","message":"API Key: testing - SYSTEM KEY: testing","timestamp":"2024-09-16T01:36:00.206Z"}
{"level":"info","message":"API Key: testing - SYSTEM KEY: testing","timestamp":"2024-09-16T01:36:01.461Z"}
{"level":"info","message":"API Key: testing - SYSTEM KEY: testing","timestamp":"2024-09-16T10:42:28.421Z"}
{"level":"info","message":"API Key: testing - SYSTEM KEY: testing","timestamp":"2024-09-16T10:42:57.798Z"}
{"level":"info","message":"API Key: testing - SYSTEM KEY: testing","timestamp":"2024-09-16T10:44:52.995Z"}
{"level":"info","message":"API Key: testing - SYSTEM KEY: testing","timestamp":"2024-09-16T11:43:22.698Z"}
{"level":"info","message":"API Key: testing - SYSTEM KEY: testing","timestamp":"2024-09-16T12:29:00.536Z"}
{"level":"info","message":"API Key: testing - SYSTEM KEY: testing","timestamp":"2024-09-16T12:29:12.786Z"}
{"level":"info","message":"API Key: testing - SYSTEM KEY: testing","timestamp":"2024-09-16T12:30:41.524Z"}
{"level":"info","message":"API Key: testing - SYSTEM KEY: testing","timestamp":"2024-09-16T12:31:56.298Z"}
{"level":"info","message":"API Key: testing - SYSTEM KEY: testing","timestamp":"2024-09-16T12:32:42.718Z"}
{"level":"info","message":"API Key: testing - SYSTEM KEY: testing","timestamp":"2024-09-16T12:33:20.074Z"}
{"level":"info","message":"API Key: testing - SYSTEM KEY: testing","timestamp":"2024-09-16T12:34:02.741Z"}
{"level":"info","message":"API Key: testing - SYSTEM KEY: testing","timestamp":"2024-09-16T12:34:07.983Z"}
{"level":"info","message":"API Key: testing - SYSTEM KEY: testing","timestamp":"2024-09-16T12:34:09.106Z"}
{"level":"info","message":"API Key: testing - SYSTEM KEY: testing","timestamp":"2024-09-16T12:34:43.759Z"}
{"level":"info","message":"API Key: testing - SYSTEM KEY: testing","timestamp":"2024-09-16T12:35:13.017Z"}
{"level":"info","message":"API Key: testing - SYSTEM KEY: testing","timestamp":"2024-09-16T12:35:19.194Z"}
{"level":"info","message":"API Key: testing - SYSTEM KEY: testing","timestamp":"2024-09-16T12:38:01.313Z"}
{"level":"info","message":"API Key: testing - SYSTEM KEY: testing","timestamp":"2024-09-16T12:43:17.704Z"}
{"level":"info","message":"API Key: testing - SYSTEM KEY: testing","timestamp":"2024-09-16T12:44:31.885Z"}
{"level":"info","message":"API Key: testing - SYSTEM KEY: testing","timestamp":"2024-09-16T12:52:15.419Z"}
{"level":"info","message":"API Key: testing - SYSTEM KEY: testing","timestamp":"2024-09-16T12:52:15.670Z"}
{"level":"info","message":"API Key: testing - SYSTEM KEY: testing","timestamp":"2024-09-16T12:52:20.426Z"}
{"level":"info","message":"API Key: testing - SYSTEM KEY: testing","timestamp":"2024-09-16T12:52:45.595Z"}
{"level":"info","message":"API Key: testing - SYSTEM KEY: testing","timestamp":"2024-09-16T12:52:46.658Z"}
{"level":"info","message":"API Key: testing - SYSTEM KEY: testing","timestamp":"2024-09-16T12:52:51.139Z"}
{"level":"info","message":"API Key: testing - SYSTEM KEY: testing","timestamp":"2024-09-16T12:52:53.854Z"}
{"level":"info","message":"API Key: testing - SYSTEM KEY: testing","timestamp":"2024-09-16T12:52:56.817Z"}
{"level":"info","message":"API Key: testing - SYSTEM KEY: testing","timestamp":"2024-09-16T12:55:05.413Z"}
{"level":"info","message":"API Key: testing - SYSTEM KEY: testing","timestamp":"2024-09-16T12:55:05.863Z"}
{"level":"info","message":"API Key: testing - SYSTEM KEY: testing","timestamp":"2024-09-16T12:55:07.388Z"}
{"level":"info","message":"API Key: testing - SYSTEM KEY: testing","timestamp":"2024-09-16T12:55:08.166Z"}
{"level":"info","message":"API Key: testing - SYSTEM KEY: testing","timestamp":"2024-09-16T12:55:09.926Z"}
{"level":"info","message":"API Key: testing - SYSTEM KEY: testing","timestamp":"2024-09-16T12:55:10.957Z"}
{"level":"info","message":"API Key: testing - SYSTEM KEY: testing","timestamp":"2024-09-16T12:55:11.710Z"}
{"level":"info","message":"API Key: testing - SYSTEM KEY: testing","timestamp":"2024-09-16T12:55:13.235Z"}
{"level":"info","message":"API Key: testing - SYSTEM KEY: testing","timestamp":"2024-09-16T14:54:06.398Z"}
{"level":"info","message":"API Key: testing - SYSTEM KEY: testing","timestamp":"2024-09-16T15:14:08.789Z"}
{"level":"info","message":"API Key: testing - SYSTEM KEY: testing","timestamp":"2024-09-16T15:15:33.623Z"}
{"level":"info","message":"API Key: testing - SYSTEM KEY: testing","timestamp":"2024-09-16T15:46:14.584Z"}
{"level":"info","message":"API Key: testing - SYSTEM KEY: testing","timestamp":"2024-09-16T15:46:18.051Z"}
{"level":"info","message":"API Key: testing - SYSTEM KEY: testing","timestamp":"2024-09-16T15:46:21.846Z"}
{"level":"info","message":"API Key: testing - SYSTEM KEY: testing","timestamp":"2024-09-16T15:48:27.011Z"}
{"level":"info","message":"API Key: testing - SYSTEM KEY: testing","timestamp":"2024-09-16T15:48:30.725Z"}
{"level":"info","message":"API Key: testing - SYSTEM KEY: testing","timestamp":"2024-09-16T15:48:34.223Z"}
{"level":"info","message":"API Key: testing - SYSTEM KEY: testing","timestamp":"2024-09-16T15:50:42.662Z"}
{"level":"info","message":"API Key: testing - SYSTEM KEY: testing","timestamp":"2024-09-16T15:54:00.386Z"}
{"level":"info","message":"API Key: testing - SYSTEM KEY: testing","timestamp":"2024-09-16T15:58:02.922Z"}
{"level":"info","message":"API Key: testing - SYSTEM KEY: testing","timestamp":"2024-09-16T16:00:13.986Z"}
{"level":"info","message":"API Key: testing - SYSTEM KEY: testing","timestamp":"2024-09-16T16:02:23.884Z"}
{"level":"info","message":"Attribute definitions for scheine type 5: ","timestamp":"2024-09-16T16:02:24.015Z"}
{"level":"info","message":"API Key: testing - SYSTEM KEY: testing","timestamp":"2024-09-16T16:06:38.493Z"}
{"level":"info","message":"Scheine types: [object Object]","timestamp":"2024-09-16T16:06:38.525Z"}
{"level":"info","message":"Attribute definitions for scheine type 5: ","timestamp":"2024-09-16T16:06:38.701Z"}
{"level":"info","message":"API Key: testing - SYSTEM KEY: testing","timestamp":"2024-09-16T16:08:18.595Z"}
{"level":"info","message":"Scheine types: [object Object]","timestamp":"2024-09-16T16:08:18.631Z"}
{"level":"info","message":"Attribute definitions for scheine type 5: ","timestamp":"2024-09-16T16:08:18.674Z"}
{"level":"info","message":"API Key: testing - SYSTEM KEY: testing","timestamp":"2024-09-16T16:10:11.746Z"}
{"level":"info","message":"Scheine types: [object Object]","timestamp":"2024-09-16T16:10:11.785Z"}
{"level":"info","message":"Attribute definitions for scheine type 5: ","timestamp":"2024-09-16T16:10:11.834Z"}
{"level":"info","message":"API Key: testing - SYSTEM KEY: testing","timestamp":"2024-09-16T16:11:40.091Z"}
{"level":"info","message":"Scheine types: [object Object]","timestamp":"2024-09-16T16:11:40.147Z"}
{"level":"info","message":"Attribute definitions for scheine type 5: []","timestamp":"2024-09-16T16:11:40.216Z"}
{"level":"info","message":"API Key: testing - SYSTEM KEY: testing","timestamp":"2024-09-16T16:14:54.981Z"}
{"level":"info","message":"Fetched 1 scheine types","timestamp":"2024-09-16T16:14:55.081Z"}
{"level":"info","message":"API Key: testing - SYSTEM KEY: testing","timestamp":"2024-09-16T16:16:56.645Z"}
{"level":"info","message":"Fetched 1 scheine types","timestamp":"2024-09-16T16:16:56.755Z"}
{"level":"info","message":"API Key: testing - SYSTEM KEY: testing","timestamp":"2024-09-16T16:17:51.578Z"}
{"level":"info","message":"Fetched 0 scheine types","timestamp":"2024-09-16T16:17:52.159Z"}
{"level":"info","message":"API Key: testing - SYSTEM KEY: testing","timestamp":"2024-09-16T16:18:21.551Z"}
{"level":"info","message":"Fetched 1 scheine types","timestamp":"2024-09-16T16:18:21.618Z"}
{"level":"info","message":"API Key: testing - SYSTEM KEY: testing","timestamp":"2024-09-17T04:28:48.179Z"}
{"level":"info","message":"Fetched 1 scheine types","timestamp":"2024-09-17T04:28:48.319Z"}
{"level":"info","message":"API Key: testing - SYSTEM KEY: testing","timestamp":"2024-09-17T04:31:08.047Z"}
{"level":"info","message":"Fetched 1 scheine types","timestamp":"2024-09-17T04:31:08.167Z"}
{"level":"info","message":"API Key: testing - SYSTEM KEY: testing","timestamp":"2024-09-17T05:28:18.841Z"}
{"level":"info","message":"Fetched 1 scheine types","timestamp":"2024-09-17T05:28:19.334Z"}
{"level":"info","message":"API Key: testing - SYSTEM KEY: testing","timestamp":"2024-09-17T05:29:10.811Z"}
{"level":"info","message":"Fetched 1 scheine types","timestamp":"2024-09-17T05:29:10.899Z"}
{"level":"info","message":"API Key: testing - SYSTEM KEY: testing","timestamp":"2024-09-17T05:30:00.896Z"}
{"level":"info","message":"Fetched 1 scheine types","timestamp":"2024-09-17T05:30:00.978Z"}
{"level":"info","message":"API Key: testing - SYSTEM KEY: testing","timestamp":"2024-09-17T05:30:16.248Z"}
{"level":"info","message":"Fetched 1 scheine types","timestamp":"2024-09-17T05:30:16.565Z"}
{"level":"info","message":"API Key: testing - SYSTEM KEY: testing","timestamp":"2024-09-17T05:32:45.950Z"}
{"level":"info","message":"Fetched 1 scheine types","timestamp":"2024-09-17T05:32:46.005Z"}
{"level":"info","message":"API Key: testing - SYSTEM KEY: testing","timestamp":"2024-09-17T05:33:22.276Z"}
{"level":"info","message":"Fetched 1 scheine types","timestamp":"2024-09-17T05:33:22.409Z"}
{"level":"info","message":"API Key: testing - SYSTEM KEY: testing","timestamp":"2024-09-17T05:33:50.153Z"}
{"level":"info","message":"Fetched 1 scheine types","timestamp":"2024-09-17T05:33:50.352Z"}
{"level":"info","message":"API Key: testing - SYSTEM KEY: testing","timestamp":"2024-09-17T05:33:55.331Z"}
{"level":"info","message":"Fetched 1 scheine types","timestamp":"2024-09-17T05:33:55.357Z"}
{"level":"info","message":"API Key: testing - SYSTEM KEY: testing","timestamp":"2024-09-17T05:34:21.273Z"}
{"level":"info","message":"Fetched 1 scheine types","timestamp":"2024-09-17T05:34:21.322Z"}
{"level":"info","message":"API Key: testing - SYSTEM KEY: testing","timestamp":"2024-09-17T05:34:33.606Z"}
{"level":"info","message":"Fetched 1 scheine types","timestamp":"2024-09-17T05:34:33.647Z"}
{"level":"info","message":"API Key: testing - SYSTEM KEY: testing","timestamp":"2024-09-17T05:35:52.137Z"}
{"level":"info","message":"API Key: testing - SYSTEM KEY: testing","timestamp":"2024-09-17T05:35:54.966Z"}
{"level":"info","message":"API Key: testing - SYSTEM KEY: testing","timestamp":"2024-09-17T05:45:16.956Z"}
{"level":"info","message":"Fetched 1 scheine types","timestamp":"2024-09-17T05:45:17.137Z"}
{"level":"info","message":"API Key: testing - SYSTEM KEY: testing","timestamp":"2024-09-17T05:46:41.943Z"}
{"level":"info","message":"Fetched 1 scheine types","timestamp":"2024-09-17T05:46:42.462Z"}
{"level":"info","message":"API Key: testing - SYSTEM KEY: testing","timestamp":"2024-09-17T05:46:44.330Z"}
{"level":"info","message":"Fetched 1 scheine types","timestamp":"2024-09-17T05:46:44.361Z"}
{"level":"info","message":"API Key: testing - SYSTEM KEY: testing","timestamp":"2024-09-17T12:22:05.698Z"}
{"level":"info","message":"Fetched 1 scheine types","timestamp":"2024-09-17T12:22:06.097Z"}
{"level":"info","message":"API Key: testing - SYSTEM KEY: testing","timestamp":"2024-09-17T12:22:56.257Z"}
{"level":"info","message":"API Key: testing - SYSTEM KEY: testing","timestamp":"2024-09-17T12:22:57.239Z"}
{"level":"info","message":"API Key: testing - SYSTEM KEY: testing","timestamp":"2024-09-17T12:22:58.291Z"}
{"level":"info","message":"Fetched 1 scheine types","timestamp":"2024-09-17T12:22:58.321Z"}
{"level":"info","message":"API Key: testing - SYSTEM KEY: testing","timestamp":"2024-09-17T12:23:52.913Z"}
{"level":"info","message":"API Key: testing - SYSTEM KEY: testing","timestamp":"2024-09-17T12:23:54.223Z"}
{"level":"info","message":"API Key: testing - SYSTEM KEY: testing","timestamp":"2024-09-17T12:23:57.251Z"}
{"level":"info","message":"API Key: testing - SYSTEM KEY: testing","timestamp":"2024-09-17T12:23:59.855Z"}
{"level":"info","message":"Fetched 1 scheine types","timestamp":"2024-09-17T12:23:59.881Z"}
{"level":"info","message":"API Key: testing - SYSTEM KEY: testing","timestamp":"2024-09-17T12:24:18.664Z"}
{"level":"info","message":"API Key: testing - SYSTEM KEY: testing","timestamp":"2024-09-17T12:24:19.325Z"}
{"level":"info","message":"API Key: testing - SYSTEM KEY: testing","timestamp":"2024-09-17T12:24:20.756Z"}
{"level":"info","message":"API Key: testing - SYSTEM KEY: testing","timestamp":"2024-09-17T12:24:22.678Z"}
{"level":"info","message":"API Key: testing - SYSTEM KEY: testing","timestamp":"2024-09-17T12:24:23.751Z"}
{"level":"info","message":"API Key: testing - SYSTEM KEY: testing","timestamp":"2024-09-17T12:24:25.423Z"}
{"level":"info","message":"API Key: testing - SYSTEM KEY: testing","timestamp":"2024-09-17T12:24:28.050Z"}
{"level":"info","message":"API Key: testing - SYSTEM KEY: testing","timestamp":"2024-09-17T12:24:31.598Z"}
{"level":"info","message":"Fetched 1 scheine types","timestamp":"2024-09-17T12:24:31.620Z"}
{"level":"info","message":"API Key: testing - SYSTEM KEY: testing","timestamp":"2024-09-17T12:49:04.372Z"}
{"level":"info","message":"Fetched 1 scheine types","timestamp":"2024-09-17T12:49:04.948Z"}
{"level":"info","message":"API Key: testing - SYSTEM KEY: testing","timestamp":"2024-09-17T12:49:07.889Z"}
{"level":"info","message":"API Key: testing - SYSTEM KEY: testing","timestamp":"2024-09-17T12:49:11.403Z"}
{"level":"info","message":"API Key: testing - SYSTEM KEY: testing","timestamp":"2024-09-17T12:49:14.504Z"}
{"level":"info","message":"Fetched 1 scheine types","timestamp":"2024-09-17T12:49:14.521Z"}
{"level":"info","message":"API Key: testing - SYSTEM KEY: testing","timestamp":"2024-09-17T12:57:04.454Z"}
{"level":"info","message":"API Key: testing - SYSTEM KEY: testing","timestamp":"2024-09-17T12:57:08.169Z"}
{"level":"info","message":"API Key: testing - SYSTEM KEY: testing","timestamp":"2024-09-17T12:57:11.950Z"}
{"level":"info","message":"Fetched 1 scheine types","timestamp":"2024-09-17T12:57:11.982Z"}
{"level":"info","message":"API Key: testing - SYSTEM KEY: testing","timestamp":"2024-09-17T12:57:56.944Z"}
{"level":"info","message":"Fetched 1 scheine types","timestamp":"2024-09-17T12:57:57.058Z"}
{"level":"info","message":"API Key: testing - SYSTEM KEY: testing","timestamp":"2024-09-17T12:59:48.025Z"}
{"level":"info","message":"Fetched 1 scheine types","timestamp":"2024-09-17T12:59:48.166Z"}
{"level":"info","message":"API Key: testing - SYSTEM KEY: testing","timestamp":"2024-09-17T13:10:00.841Z"}
{"level":"info","message":"Fetched 1 scheine types","timestamp":"2024-09-17T13:10:01.046Z"}
{"level":"info","message":"API Key: testing - SYSTEM KEY: testing","timestamp":"2024-09-17T13:10:15.800Z"}
{"level":"info","message":"Fetched 1 scheine types","timestamp":"2024-09-17T13:10:15.910Z"}
{"level":"info","message":"API Key: testing - SYSTEM KEY: testing","timestamp":"2024-09-17T13:11:45.734Z"}
{"level":"info","message":"Fetched 1 scheine types","timestamp":"2024-09-17T13:11:45.964Z"}
{"level":"info","message":"API Key: testing - SYSTEM KEY: testing","timestamp":"2024-09-17T13:14:58.397Z"}
{"level":"info","message":"Fetched 1 scheine types","timestamp":"2024-09-17T13:14:58.470Z"}
{"level":"info","message":"API Key: testing - SYSTEM KEY: testing","timestamp":"2024-09-17T13:15:05.866Z"}
{"level":"info","message":"Fetched 1 scheine types","timestamp":"2024-09-17T13:15:05.904Z"}
{"level":"info","message":"API Key: testing - SYSTEM KEY: testing","timestamp":"2024-09-17T13:16:51.721Z"}
{"level":"info","message":"Fetched 1 scheine types","timestamp":"2024-09-17T13:16:51.900Z"}
{"level":"info","message":"API Key: testing - SYSTEM KEY: testing","timestamp":"2024-09-17T13:40:35.462Z"}
{"level":"info","message":"Fetched 1 scheine types","timestamp":"2024-09-17T13:40:35.708Z"}
{"level":"info","message":"API Key: testing - SYSTEM KEY: testing","timestamp":"2024-09-17T13:52:03.756Z"}
{"level":"info","message":"Fetched 1 scheine types","timestamp":"2024-09-17T13:52:03.905Z"}
{"level":"info","message":"API Key: testing - SYSTEM KEY: testing","timestamp":"2024-09-17T13:52:17.101Z"}
{"level":"info","message":"Fetched 1 scheine types","timestamp":"2024-09-17T13:52:17.214Z"}
{"level":"info","message":"API Key: testing - SYSTEM KEY: testing","timestamp":"2024-09-17T13:52:52.746Z"}
{"level":"info","message":"Fetched 1 scheine types","timestamp":"2024-09-17T13:52:52.813Z"}
{"level":"info","message":"API Key: testing - SYSTEM KEY: testing","timestamp":"2024-09-17T13:53:00.044Z"}
{"level":"info","message":"Fetched 1 scheine types","timestamp":"2024-09-17T13:53:00.087Z"}
{"level":"info","message":"API Key: testing - SYSTEM KEY: testing","timestamp":"2024-09-17T13:56:30.874Z"}
{"level":"info","message":"Fetched 1 scheine types","timestamp":"2024-09-17T13:56:31.056Z"}
{"level":"info","message":"API Key: testing - SYSTEM KEY: testing","timestamp":"2024-09-17T13:58:52.705Z"}
{"level":"info","message":"Fetched 1 scheine types","timestamp":"2024-09-17T13:58:52.752Z"}
{"level":"info","message":"API Key: testing - SYSTEM KEY: testing","timestamp":"2024-09-17T14:01:44.803Z"}
{"level":"info","message":"Fetched 1 scheine types","timestamp":"2024-09-17T14:01:44.961Z"}
{"level":"info","message":"API Key: testing - SYSTEM KEY: testing","timestamp":"2024-09-17T14:04:38.507Z"}
{"level":"info","message":"Fetched 1 scheine types","timestamp":"2024-09-17T14:04:38.791Z"}
{"level":"info","message":"API Key: testing - SYSTEM KEY: testing","timestamp":"2024-09-17T14:08:29.549Z"}
{"level":"info","message":"Fetched 1 scheine types","timestamp":"2024-09-17T14:08:29.641Z"}
{"level":"info","message":"API Key: testing - SYSTEM KEY: testing","timestamp":"2024-09-17T14:09:23.498Z"}
{"level":"info","message":"Fetched 1 scheine types","timestamp":"2024-09-17T14:09:23.557Z"}
{"level":"info","message":"API Key: testing - SYSTEM KEY: testing","timestamp":"2024-09-17T14:09:54.497Z"}
{"level":"info","message":"Fetched 1 scheine types","timestamp":"2024-09-17T14:09:54.542Z"}
{"level":"info","message":"API Key: testing - SYSTEM KEY: testing","timestamp":"2024-09-17T14:10:04.457Z"}
{"level":"info","message":"Fetched 1 scheine types","timestamp":"2024-09-17T14:10:04.493Z"}
{"level":"info","message":"API Key: testing - SYSTEM KEY: testing","timestamp":"2024-09-17T14:10:13.685Z"}
{"level":"info","message":"Fetched 1 scheine types","timestamp":"2024-09-17T14:10:13.736Z"}
{"level":"info","message":"API Key: testing - SYSTEM KEY: testing","timestamp":"2024-09-17T14:19:13.943Z"}
{"level":"info","message":"Fetched 1 scheine types","timestamp":"2024-09-17T14:19:14.061Z"}
{"level":"info","message":"API Key: testing - SYSTEM KEY: testing","timestamp":"2024-09-17T15:09:10.667Z"}
{"level":"info","message":"API Key: testing - SYSTEM KEY: testing","timestamp":"2024-09-17T15:15:17.263Z"}
{"level":"info","message":"Fetched 1 scheine types","timestamp":"2024-09-17T15:15:18.578Z"}
{"level":"info","message":"API Key: testing - SYSTEM KEY: testing","timestamp":"2024-09-17T16:30:21.195Z"}
{"level":"info","message":"Fetched 1 scheine types","timestamp":"2024-09-17T16:30:22.194Z"}
{"level":"info","message":"API Key: testing - SYSTEM KEY: testing","timestamp":"2024-09-17T16:32:10.507Z"}
{"level":"info","message":"API Key: testing - SYSTEM KEY: testing","timestamp":"2024-09-17T16:32:11.654Z"}
{"level":"info","message":"API Key: testing - SYSTEM KEY: testing","timestamp":"2024-09-17T16:32:13.765Z"}
{"level":"info","message":"API Key: testing - SYSTEM KEY: testing","timestamp":"2024-09-17T16:32:19.240Z"}
{"level":"info","message":"API Key: testing - SYSTEM KEY: testing","timestamp":"2024-09-17T16:32:20.522Z"}
{"level":"info","message":"API Key: testing - SYSTEM KEY: testing","timestamp":"2024-09-17T16:32:22.646Z"}
{"level":"info","message":"API Key: testing - SYSTEM KEY: testing","timestamp":"2024-09-17T16:32:26.666Z"}
{"level":"info","message":"API Key: testing - SYSTEM KEY: testing","timestamp":"2024-09-17T16:33:34.188Z"}
{"level":"info","message":"API Key: testing - SYSTEM KEY: testing","timestamp":"2024-09-17T16:33:35.609Z"}
{"level":"info","message":"API Key: testing - SYSTEM KEY: testing","timestamp":"2024-09-17T16:33:37.621Z"}
{"level":"info","message":"API Key: testing - SYSTEM KEY: testing","timestamp":"2024-09-17T16:33:41.658Z"}
{"level":"info","message":"API Key: testing - SYSTEM KEY: testing","timestamp":"2024-09-17T16:33:44.106Z"}
{"level":"info","message":"Fetched 1 scheine types","timestamp":"2024-09-17T16:33:44.910Z"}
{"level":"info","message":"API Key: testing - SYSTEM KEY: testing","timestamp":"2024-09-17T16:33:59.448Z"}
{"level":"info","message":"API Key: testing - SYSTEM KEY: testing","timestamp":"2024-09-17T16:34:00.983Z"}
{"level":"info","message":"API Key: testing - SYSTEM KEY: testing","timestamp":"2024-09-17T16:34:03.376Z"}
{"level":"info","message":"API Key: testing - SYSTEM KEY: testing","timestamp":"2024-09-17T16:34:07.667Z"}
{"level":"info","message":"API Key: testing - SYSTEM KEY: testing","timestamp":"2024-09-17T16:35:50.573Z"}
{"level":"info","message":"API Key: testing - SYSTEM KEY: testing","timestamp":"2024-09-17T16:35:52.064Z"}
{"level":"info","message":"API Key: testing - SYSTEM KEY: testing","timestamp":"2024-09-17T16:35:54.082Z"}
{"level":"info","message":"API Key: testing - SYSTEM KEY: testing","timestamp":"2024-09-17T16:35:54.832Z"}
{"level":"info","message":"Fetched 1 scheine types","timestamp":"2024-09-17T16:35:54.981Z"}
{"level":"info","message":"API Key: testing - SYSTEM KEY: testing","timestamp":"2024-09-17T16:35:58.189Z"}
{"level":"info","message":"API Key: testing - SYSTEM KEY: testing","timestamp":"2024-09-17T16:36:25.143Z"}
{"level":"info","message":"API Key: testing - SYSTEM KEY: testing","timestamp":"2024-09-17T16:36:25.155Z"}
{"level":"info","message":"API Key: testing - SYSTEM KEY: testing","timestamp":"2024-09-17T16:36:41.942Z"}
{"level":"info","message":"API Key: testing - SYSTEM KEY: testing","timestamp":"2024-09-17T16:37:17.476Z"}
{"level":"info","message":"Fetched 1 scheine types","timestamp":"2024-09-17T16:37:17.879Z"}
{"level":"info","message":"API Key: testing - SYSTEM KEY: testing","timestamp":"2024-09-17T16:37:20.261Z"}
{"level":"info","message":"API Key: testing - SYSTEM KEY: testing","timestamp":"2024-09-17T16:49:47.525Z"}
{"level":"info","message":"Fetched 1 scheine types","timestamp":"2024-09-17T16:49:48.631Z"}
{"level":"info","message":"API Key: testing - SYSTEM KEY: testing","timestamp":"2024-09-17T16:49:50.276Z"}
{"level":"info","message":"API Key: testing - SYSTEM KEY: testing","timestamp":"2024-09-17T16:54:44.555Z"}
{"level":"info","message":"Fetched 1 scheine types","timestamp":"2024-09-17T16:54:44.908Z"}
{"level":"info","message":"API Key: testing - SYSTEM KEY: testing","timestamp":"2024-09-17T16:54:50.913Z"}
{"level":"info","message":"API Key: testing - SYSTEM KEY: testing","timestamp":"2024-09-17T16:55:11.530Z"}
{"level":"info","message":"API Key: testing - SYSTEM KEY: testing","timestamp":"2024-09-17T16:55:15.591Z"}
{"level":"info","message":"API Key: testing - SYSTEM KEY: testing","timestamp":"2024-09-17T16:55:18.083Z"}
{"level":"info","message":"Fetched 1 scheine types","timestamp":"2024-09-17T16:55:18.124Z"}
{"level":"info","message":"API Key: testing - SYSTEM KEY: testing","timestamp":"2024-09-17T16:55:20.139Z"}
{"level":"info","message":"API Key: testing - SYSTEM KEY: testing","timestamp":"2024-09-17T16:55:56.062Z"}
{"level":"info","message":"API Key: testing - SYSTEM KEY: testing","timestamp":"2024-09-17T16:57:49.181Z"}
{"level":"info","message":"API Key: testing - SYSTEM KEY: testing","timestamp":"2024-09-17T17:02:47.724Z"}
{"level":"info","message":"API Key: testing - SYSTEM KEY: testing","timestamp":"2024-09-17T17:03:10.664Z"}
{"level":"info","message":"API Key: testing - SYSTEM KEY: testing","timestamp":"2024-09-17T17:04:56.165Z"}
{"level":"info","message":"API Key: testing - SYSTEM KEY: testing","timestamp":"2024-09-17T17:04:59.470Z"}
{"level":"info","message":"API Key: testing - SYSTEM KEY: testing","timestamp":"2024-09-17T17:05:02.627Z"}
{"level":"info","message":"Fetched 1 scheine types","timestamp":"2024-09-17T17:05:02.713Z"}
{"level":"info","message":"API Key: testing - SYSTEM KEY: testing","timestamp":"2024-09-17T17:05:05.883Z"}
{"level":"info","message":"API Key: testing - SYSTEM KEY: testing","timestamp":"2024-09-17T17:16:04.427Z"}
{"level":"info","message":"Fetched 1 scheine types","timestamp":"2024-09-17T17:16:04.823Z"}
{"level":"info","message":"API Key: testing - SYSTEM KEY: testing","timestamp":"2024-09-17T17:16:06.000Z"}
{"level":"info","message":"API Key: testing - SYSTEM KEY: testing","timestamp":"2024-09-17T17:28:49.818Z"}
{"level":"info","message":"API Key: testing - SYSTEM KEY: testing","timestamp":"2024-09-17T17:28:52.541Z"}
{"level":"info","message":"API Key: testing - SYSTEM KEY: testing","timestamp":"2024-09-17T17:28:54.581Z"}
{"level":"info","message":"Fetched 1 scheine types","timestamp":"2024-09-17T17:28:54.661Z"}
{"level":"info","message":"API Key: testing - SYSTEM KEY: testing","timestamp":"2024-09-17T17:28:56.347Z"}
{"level":"info","message":"API Key: testing - SYSTEM KEY: testing","timestamp":"2024-09-17T17:31:22.615Z"}
{"level":"info","message":"API Key: testing - SYSTEM KEY: testing","timestamp":"2024-09-17T17:44:59.528Z"}
{"level":"info","message":"API Key: testing - SYSTEM KEY: testing","timestamp":"2024-09-17T17:45:01.869Z"}
{"level":"info","message":"API Key: testing - SYSTEM KEY: testing","timestamp":"2024-09-17T17:45:05.055Z"}
{"level":"info","message":"Fetched 1 scheine types","timestamp":"2024-09-17T17:45:05.172Z"}
{"level":"info","message":"API Key: testing - SYSTEM KEY: testing","timestamp":"2024-09-17T17:45:07.372Z"}
{"level":"info","message":"API Key: testing - SYSTEM KEY: testing","timestamp":"2024-09-17T17:46:24.380Z"}
{"level":"info","message":"API Key: testing - SYSTEM KEY: testing","timestamp":"2024-09-17T17:46:26.857Z"}
{"level":"info","message":"API Key: testing - SYSTEM KEY: testing","timestamp":"2024-09-17T17:46:29.328Z"}
{"level":"info","message":"Fetched 1 scheine types","timestamp":"2024-09-17T17:46:29.357Z"}
{"level":"info","message":"API Key: testing - SYSTEM KEY: testing","timestamp":"2024-09-17T17:46:31.642Z"}
{"level":"info","message":"API Key: testing - SYSTEM KEY: testing","timestamp":"2024-09-17T17:48:16.865Z"}
{"level":"info","message":"API Key: testing - SYSTEM KEY: testing","timestamp":"2024-09-17T17:48:20.502Z"}
{"level":"info","message":"Fetched 1 scheine types","timestamp":"2024-09-17T17:48:20.583Z"}
{"level":"info","message":"API Key: testing - SYSTEM KEY: testing","timestamp":"2024-09-17T17:48:59.391Z"}
{"level":"info","message":"API Key: testing - SYSTEM KEY: testing","timestamp":"2024-09-17T17:49:02.539Z"}
{"level":"info","message":"API Key: testing - SYSTEM KEY: testing","timestamp":"2024-09-17T17:49:16.720Z"}
{"level":"info","message":"API Key: testing - SYSTEM KEY: testing","timestamp":"2024-09-17T17:49:19.316Z"}
{"level":"info","message":"API Key: testing - SYSTEM KEY: testing","timestamp":"2024-09-17T17:50:48.470Z"}
{"level":"info","message":"API Key: testing - SYSTEM KEY: testing","timestamp":"2024-09-17T17:50:49.153Z"}
{"level":"info","message":"API Key: testing - SYSTEM KEY: testing","timestamp":"2024-09-17T17:50:50.528Z"}
{"level":"info","message":"Fetched 1 scheine types","timestamp":"2024-09-17T17:50:50.596Z"}
{"level":"info","message":"API Key: testing - SYSTEM KEY: testing","timestamp":"2024-09-17T17:50:56.689Z"}
{"level":"info","message":"API Key: testing - SYSTEM KEY: testing","timestamp":"2024-09-17T17:52:20.717Z"}
{"level":"info","message":"Fetched 1 scheine types","timestamp":"2024-09-17T17:52:21.332Z"}
{"level":"info","message":"API Key: testing - SYSTEM KEY: testing","timestamp":"2024-09-17T17:53:31.009Z"}
{"level":"info","message":"Fetched 1 scheine types","timestamp":"2024-09-17T17:53:31.258Z"}
{"level":"info","message":"API Key: testing - SYSTEM KEY: testing","timestamp":"2024-09-17T17:54:05.875Z"}
{"level":"info","message":"API Key: testing - SYSTEM KEY: testing","timestamp":"2024-09-17T17:54:07.864Z"}
{"level":"info","message":"API Key: testing - SYSTEM KEY: testing","timestamp":"2024-09-17T17:54:10.626Z"}
{"level":"info","message":"Fetched 1 scheine types","timestamp":"2024-09-17T17:54:10.753Z"}
{"level":"info","message":"API Key: testing - SYSTEM KEY: testing","timestamp":"2024-09-17T17:54:13.344Z"}
{"level":"info","message":"API Key: testing - SYSTEM KEY: testing","timestamp":"2024-09-17T17:55:38.306Z"}
{"level":"info","message":"API Key: testing - SYSTEM KEY: testing","timestamp":"2024-09-17T17:55:40.885Z"}
{"level":"info","message":"API Key: testing - SYSTEM KEY: testing","timestamp":"2024-09-17T17:55:43.266Z"}
{"level":"info","message":"Fetched 1 scheine types","timestamp":"2024-09-17T17:55:43.328Z"}
{"level":"info","message":"API Key: testing - SYSTEM KEY: testing","timestamp":"2024-09-17T17:55:45.621Z"}
{"level":"info","message":"API Key: testing - SYSTEM KEY: testing","timestamp":"2024-09-17T17:56:39.091Z"}
{"level":"info","message":"API Key: testing - SYSTEM KEY: testing","timestamp":"2024-09-17T17:57:21.373Z"}
{"level":"info","message":"API Key: testing - SYSTEM KEY: testing","timestamp":"2024-09-17T17:57:28.094Z"}
{"level":"info","message":"Fetched 1 scheine types","timestamp":"2024-09-17T17:57:28.183Z"}
{"level":"info","message":"API Key: testing - SYSTEM KEY: testing","timestamp":"2024-09-17T17:57:30.935Z"}
{"level":"info","message":"API Key: testing - SYSTEM KEY: testing","timestamp":"2024-09-17T17:59:16.302Z"}
{"level":"info","message":"API Key: testing - SYSTEM KEY: testing","timestamp":"2024-09-17T17:59:20.069Z"}
{"level":"info","message":"API Key: testing - SYSTEM KEY: testing","timestamp":"2024-09-17T17:59:24.021Z"}
{"level":"info","message":"Fetched 1 scheine types","timestamp":"2024-09-17T17:59:24.160Z"}
{"level":"info","message":"API Key: testing - SYSTEM KEY: testing","timestamp":"2024-09-17T17:59:25.819Z"}
{"level":"info","message":"API Key: testing - SYSTEM KEY: testing","timestamp":"2024-09-17T18:00:41.824Z"}
{"level":"info","message":"API Key: testing - SYSTEM KEY: testing","timestamp":"2024-09-17T18:00:44.981Z"}
{"level":"info","message":"API Key: testing - SYSTEM KEY: testing","timestamp":"2024-09-17T18:00:50.247Z"}
{"level":"info","message":"Fetched 1 scheine types","timestamp":"2024-09-17T18:00:50.306Z"}
{"level":"info","message":"API Key: testing - SYSTEM KEY: testing","timestamp":"2024-09-17T18:00:55.641Z"}
{"level":"info","message":"API Key: testing - SYSTEM KEY: testing","timestamp":"2024-09-17T18:02:46.124Z"}
{"level":"info","message":"API Key: testing - SYSTEM KEY: testing","timestamp":"2024-09-17T18:02:48.473Z"}
{"level":"info","message":"API Key: testing - SYSTEM KEY: testing","timestamp":"2024-09-17T18:02:55.280Z"}
{"level":"info","message":"Fetched 1 scheine types","timestamp":"2024-09-17T18:02:55.367Z"}
{"level":"info","message":"API Key: testing - SYSTEM KEY: testing","timestamp":"2024-09-17T18:02:57.393Z"}
{"level":"info","message":"API Key: testing - SYSTEM KEY: testing","timestamp":"2024-09-17T18:04:22.728Z"}
{"level":"info","message":"Fetched 1 scheine types","timestamp":"2024-09-17T18:04:22.823Z"}
{"level":"info","message":"API Key: testing - SYSTEM KEY: testing","timestamp":"2024-09-17T18:04:37.313Z"}
{"level":"info","message":"API Key: testing - SYSTEM KEY: testing","timestamp":"2024-09-17T18:04:40.812Z"}
{"level":"info","message":"API Key: testing - SYSTEM KEY: testing","timestamp":"2024-09-17T18:04:42.911Z"}
{"level":"info","message":"Fetched 1 scheine types","timestamp":"2024-09-17T18:04:42.965Z"}
{"level":"info","message":"API Key: testing - SYSTEM KEY: testing","timestamp":"2024-09-17T18:04:45.135Z"}
{"level":"info","message":"API Key: testing - SYSTEM KEY: testing","timestamp":"2024-09-17T18:05:46.500Z"}
{"level":"info","message":"Fetched 1 scheine types","timestamp":"2024-09-17T18:05:46.556Z"}
{"level":"info","message":"API Key: testing - SYSTEM KEY: testing","timestamp":"2024-09-17T18:06:03.476Z"}
{"level":"info","message":"API Key: testing - SYSTEM KEY: testing","timestamp":"2024-09-17T18:06:06.901Z"}
{"level":"info","message":"API Key: testing - SYSTEM KEY: testing","timestamp":"2024-09-17T18:06:09.722Z"}
{"level":"info","message":"Fetched 1 scheine types","timestamp":"2024-09-17T18:06:10.095Z"}
{"level":"info","message":"API Key: testing - SYSTEM KEY: testing","timestamp":"2024-09-17T18:06:11.786Z"}
{"level":"info","message":"API Key: testing - SYSTEM KEY: testing","timestamp":"2024-09-17T18:06:40.501Z"}
{"level":"info","message":"Fetched 1 scheine types","timestamp":"2024-09-17T18:06:41.104Z"}
{"level":"info","message":"API Key: testing - SYSTEM KEY: testing","timestamp":"2024-09-17T18:07:21.468Z"}
{"level":"info","message":"Fetched 1 scheine types","timestamp":"2024-09-17T18:07:22.031Z"}
{"level":"info","message":"API Key: testing - SYSTEM KEY: testing","timestamp":"2024-09-17T18:08:29.060Z"}
{"level":"info","message":"API Key: testing - SYSTEM KEY: testing","timestamp":"2024-09-17T18:08:32.455Z"}
{"level":"info","message":"API Key: testing - SYSTEM KEY: testing","timestamp":"2024-09-17T18:08:34.378Z"}
{"level":"info","message":"Fetched 1 scheine types","timestamp":"2024-09-17T18:08:34.419Z"}
{"level":"info","message":"API Key: testing - SYSTEM KEY: testing","timestamp":"2024-09-17T18:08:36.063Z"}
{"level":"info","message":"API Key: testing - SYSTEM KEY: testing","timestamp":"2024-09-17T18:09:11.990Z"}
{"level":"info","message":"API Key: testing - SYSTEM KEY: testing","timestamp":"2024-09-17T18:09:14.366Z"}
{"level":"info","message":"API Key: testing - SYSTEM KEY: testing","timestamp":"2024-09-17T18:09:16.499Z"}
{"level":"info","message":"Fetched 1 scheine types","timestamp":"2024-09-17T18:09:16.529Z"}
{"level":"info","message":"API Key: testing - SYSTEM KEY: testing","timestamp":"2024-09-17T18:09:18.439Z"}
